Invalid HTTP_HOST header: '2f42-2603-6011-65f0-a140-e565-1256-dfd3-fb63.ngrok-free.app'. You may need to add '2f42-2603-6011-65f0-a140-e565-1256-dfd3-fb63.ngrok-free.app' to ALLOWED_HOSTS.
Traceback (most recent call last):
  File "C:\Users\racea\AppData\Local\Programs\Python\Python312\Lib\site-packages\django\core\handlers\exception.py", line 55, in inner
    response = get_response(request)
               ^^^^^^^^^^^^^^^^^^^^^
  File "C:\Users\racea\AppData\Local\Programs\Python\Python312\Lib\site-packages\django\utils\deprecation.py", line 133, in __call__
    response = self.process_request(request)
               ^^^^^^^^^^^^^^^^^^^^^^^^^^^^^
  File "C:\Users\racea\AppData\Local\Programs\Python\Python312\Lib\site-packages\django\middleware\common.py", line 48, in process_request
    host = request.get_host()
           ^^^^^^^^^^^^^^^^^^
  File "C:\Users\racea\AppData\Local\Programs\Python\Python312\Lib\site-packages\django\http\request.py", line 151, in get_host
    raise DisallowedHost(msg)
django.core.exceptions.DisallowedHost: Invalid HTTP_HOST header: '2f42-2603-6011-65f0-a140-e565-1256-dfd3-fb63.ngrok-free.app'. You may need to add '2f42-2603-6011-65f0-a140-e565-1256-dfd3-fb63.ngrok-free.app' to ALLOWED_HOSTS.
Invalid HTTP_HOST header: '2f42-2603-6011-65f0-a140-e565-1256-dfd3-fb63.ngrok-free.app'. You may need to add '2f42-2603-6011-65f0-a140-e565-1256-dfd3-fb63.ngrok-free.app' to ALLOWED_HOSTS.
Traceback (most recent call last):
  File "C:\Users\racea\AppData\Local\Programs\Python\Python312\Lib\site-packages\django\core\handlers\exception.py", line 55, in inner
    response = get_response(request)
               ^^^^^^^^^^^^^^^^^^^^^
  File "C:\Users\racea\AppData\Local\Programs\Python\Python312\Lib\site-packages\django\utils\deprecation.py", line 133, in __call__
    response = self.process_request(request)
               ^^^^^^^^^^^^^^^^^^^^^^^^^^^^^
  File "C:\Users\racea\AppData\Local\Programs\Python\Python312\Lib\site-packages\django\middleware\common.py", line 48, in process_request
    host = request.get_host()
           ^^^^^^^^^^^^^^^^^^
  File "C:\Users\racea\AppData\Local\Programs\Python\Python312\Lib\site-packages\django\http\request.py", line 151, in get_host
    raise DisallowedHost(msg)
django.core.exceptions.DisallowedHost: Invalid HTTP_HOST header: '2f42-2603-6011-65f0-a140-e565-1256-dfd3-fb63.ngrok-free.app'. You may need to add '2f42-2603-6011-65f0-a140-e565-1256-dfd3-fb63.ngrok-free.app' to ALLOWED_HOSTS.
Invalid HTTP_HOST header: '2f42-2603-6011-65f0-a140-e565-1256-dfd3-fb63.ngrok-free.app'. You may need to add '2f42-2603-6011-65f0-a140-e565-1256-dfd3-fb63.ngrok-free.app' to ALLOWED_HOSTS.
Traceback (most recent call last):
  File "C:\Users\racea\AppData\Local\Programs\Python\Python312\Lib\site-packages\django\core\handlers\exception.py", line 55, in inner
    response = get_response(request)
               ^^^^^^^^^^^^^^^^^^^^^
  File "C:\Users\racea\AppData\Local\Programs\Python\Python312\Lib\site-packages\django\utils\deprecation.py", line 133, in __call__
    response = self.process_request(request)
               ^^^^^^^^^^^^^^^^^^^^^^^^^^^^^
  File "C:\Users\racea\AppData\Local\Programs\Python\Python312\Lib\site-packages\django\middleware\common.py", line 48, in process_request
    host = request.get_host()
           ^^^^^^^^^^^^^^^^^^
  File "C:\Users\racea\AppData\Local\Programs\Python\Python312\Lib\site-packages\django\http\request.py", line 151, in get_host
    raise DisallowedHost(msg)
django.core.exceptions.DisallowedHost: Invalid HTTP_HOST header: '2f42-2603-6011-65f0-a140-e565-1256-dfd3-fb63.ngrok-free.app'. You may need to add '2f42-2603-6011-65f0-a140-e565-1256-dfd3-fb63.ngrok-free.app' to ALLOWED_HOSTS.
Internal Server Error: /scraper/ebayapi/
"POST /scraper/ebayapi/ HTTP/1.1" 500 42
Internal Server Error: /scraper/ebayapi/
"POST /scraper/ebayapi/ HTTP/1.1" 500 42
Internal Server Error: /scraper/ebayapi/
"POST /scraper/ebayapi/ HTTP/1.1" 500 42
Internal Server Error: /scraper/ebayapi/
"POST /scraper/ebayapi/ HTTP/1.1" 500 42
Internal Server Error: /scraper/ebayapi/
"POST /scraper/ebayapi/ HTTP/1.1" 500 42
Internal Server Error: /scraper/ebayapi/
"POST /scraper/ebayapi/ HTTP/1.1" 500 42
Internal Server Error: /scraper/ebayapi/
"POST /scraper/ebayapi/ HTTP/1.1" 500 42
Internal Server Error: /scraper/ebayapi/
"POST /scraper/ebayapi/ HTTP/1.1" 500 42
Internal Server Error: /scraper/ebayapi/
"POST /scraper/ebayapi/ HTTP/1.1" 500 42
Internal Server Error: /scraper/ebayapi/
"POST /scraper/ebayapi/ HTTP/1.1" 500 42
Internal Server Error: /scraper/ebayapi/
"POST /scraper/ebayapi/ HTTP/1.1" 500 42
Internal Server Error: /scraper/ebayapi/
"POST /scraper/ebayapi/ HTTP/1.1" 500 42
Internal Server Error: /scraper/ebayapi/
"POST /scraper/ebayapi/ HTTP/1.1" 500 42
Internal Server Error: /scraper/ebayapi/
"POST /scraper/ebayapi/ HTTP/1.1" 500 42
Internal Server Error: /scraper/ebayapi/
"POST /scraper/ebayapi/ HTTP/1.1" 500 42
Internal Server Error: /scraper/ebayapi/
"POST /scraper/ebayapi/ HTTP/1.1" 500 42
Internal Server Error: /scraper/ebayapi/
"POST /scraper/ebayapi/ HTTP/1.1" 500 42
Internal Server Error: /scraper/ebayapi/
"POST /scraper/ebayapi/ HTTP/1.1" 500 42
Internal Server Error: /scraper/ebayapi/
"POST /scraper/ebayapi/ HTTP/1.1" 500 42
Internal Server Error: /scraper/ebayapi/
"POST /scraper/ebayapi/ HTTP/1.1" 500 42
Internal Server Error: /scraper/ebayapi/
"POST /scraper/ebayapi/ HTTP/1.1" 500 42
Internal Server Error: /scraper/ebayapi/
"POST /scraper/ebayapi/ HTTP/1.1" 500 42
Internal Server Error: /scraper/ebayapi/
"POST /scraper/ebayapi/ HTTP/1.1" 500 42
Internal Server Error: /scraper/ebayapi/
"POST /scraper/ebayapi/ HTTP/1.1" 500 42
Internal Server Error: /scraper/ebayapi/
"POST /scraper/ebayapi/ HTTP/1.1" 500 42
Internal Server Error: /scraper/ebayapi/
"POST /scraper/ebayapi/ HTTP/1.1" 500 42
Internal Server Error: /scraper/ebayapi/
"POST /scraper/ebayapi/ HTTP/1.1" 500 42
Internal Server Error: /scraper/ebayapi/
"POST /scraper/ebayapi/ HTTP/1.1" 500 42
Internal Server Error: /scraper/ebayapi/
"POST /scraper/ebayapi/ HTTP/1.1" 500 42
Internal Server Error: /scraper/ebayapi/
"POST /scraper/ebayapi/ HTTP/1.1" 500 42
Internal Server Error: /scraper/ebayapi/
"POST /scraper/ebayapi/ HTTP/1.1" 500 42
Internal Server Error: /scraper/ebayapi/
"POST /scraper/ebayapi/ HTTP/1.1" 500 42
Internal Server Error: /scraper/ebayapi/
"POST /scraper/ebayapi/ HTTP/1.1" 500 42
Internal Server Error: /scraper/ebayapi/
"POST /scraper/ebayapi/ HTTP/1.1" 500 42
Internal Server Error: /scraper/ebayapi/
"POST /scraper/ebayapi/ HTTP/1.1" 500 42
Internal Server Error: /scraper/ebayapi/
"POST /scraper/ebayapi/ HTTP/1.1" 500 42
Internal Server Error: /scraper/ebayapi/
"POST /scraper/ebayapi/ HTTP/1.1" 500 42
Internal Server Error: /scraper/ebayapi/
"POST /scraper/ebayapi/ HTTP/1.1" 500 42
Internal Server Error: /scraper/ebayapi/
"POST /scraper/ebayapi/ HTTP/1.1" 500 42
Internal Server Error: /scraper/ebayapi/
"POST /scraper/ebayapi/ HTTP/1.1" 500 42
Internal Server Error: /scraper/ebayapi/
"POST /scraper/ebayapi/ HTTP/1.1" 500 42
Internal Server Error: /scraper/ebayapi/
"POST /scraper/ebayapi/ HTTP/1.1" 500 42
Internal Server Error: /scraper/ebayapi/
"POST /scraper/ebayapi/ HTTP/1.1" 500 42
Internal Server Error: /scraper/ebayapi/
"POST /scraper/ebayapi/ HTTP/1.1" 500 42
Internal Server Error: /scraper/ebayapi/
"POST /scraper/ebayapi/ HTTP/1.1" 500 42
Internal Server Error: /scraper/ebayapi/
"POST /scraper/ebayapi/ HTTP/1.1" 500 42
Internal Server Error: /scraper/ebayapi/
"POST /scraper/ebayapi/ HTTP/1.1" 500 42
Internal Server Error: /scraper/ebayapi/
"POST /scraper/ebayapi/ HTTP/1.1" 500 42
Internal Server Error: /scraper/ebayapi/
"POST /scraper/ebayapi/ HTTP/1.1" 500 42
Internal Server Error: /scraper/ebayapi/
"POST /scraper/ebayapi/ HTTP/1.1" 500 42
Internal Server Error: /scraper/ebayapi/
"POST /scraper/ebayapi/ HTTP/1.1" 500 42
Internal Server Error: /scraper/ebayapi/
"POST /scraper/ebayapi/ HTTP/1.1" 500 42
Internal Server Error: /scraper/ebayapi/
"POST /scraper/ebayapi/ HTTP/1.1" 500 42
Internal Server Error: /scraper/ebayapi/
"POST /scraper/ebayapi/ HTTP/1.1" 500 42
Internal Server Error: /scraper/ebayapi/
"POST /scraper/ebayapi/ HTTP/1.1" 500 42
Internal Server Error: /scraper/ebayapi/
"POST /scraper/ebayapi/ HTTP/1.1" 500 42
Internal Server Error: /scraper/ebayapi/
"POST /scraper/ebayapi/ HTTP/1.1" 500 42
Internal Server Error: /scraper/ebayapi/
"POST /scraper/ebayapi/ HTTP/1.1" 500 42
Internal Server Error: /scraper/ebayapi/
"POST /scraper/ebayapi/ HTTP/1.1" 500 42
Internal Server Error: /scraper/ebayapi/
"POST /scraper/ebayapi/ HTTP/1.1" 500 42
Internal Server Error: /scraper/ebayapi/
"POST /scraper/ebayapi/ HTTP/1.1" 500 42
Internal Server Error: /scraper/ebayapi/
"POST /scraper/ebayapi/ HTTP/1.1" 500 42
Internal Server Error: /scraper/ebayapi/
"POST /scraper/ebayapi/ HTTP/1.1" 500 42
Internal Server Error: /scraper/ebayapi/
"POST /scraper/ebayapi/ HTTP/1.1" 500 42
Internal Server Error: /scraper/ebayapi/
Internal Server Error: /scraper/ebayapi/
Internal Server Error: /scraper/ebayapi/
"POST /scraper/ebayapi/ HTTP/1.1" 500 42
Internal Server Error: /scraper/ebayapi/
Internal Server Error: /scraper/ebayapi/
"POST /scraper/ebayapi/ HTTP/1.1" 500 42
Internal Server Error: /scraper/ebayapi/
"POST /scraper/ebayapi/ HTTP/1.1" 500 42
Internal Server Error: /scraper/ebayapi/
"POST /scraper/ebayapi/ HTTP/1.1" 500 42
Internal Server Error: /scraper/ebayapi/
"POST /scraper/ebayapi/ HTTP/1.1" 500 42
Internal Server Error: /scraper/ebayapi/
"POST /scraper/ebayapi/ HTTP/1.1" 500 42
Internal Server Error: /scraper/ebayapi/
"POST /scraper/ebayapi/ HTTP/1.1" 500 42
Internal Server Error: /scraper/ebayapi/
"POST /scraper/ebayapi/ HTTP/1.1" 500 42
Internal Server Error: /scraper/ebayapi/
"POST /scraper/ebayapi/ HTTP/1.1" 500 42
Internal Server Error: /scraper/ebayapi/
"POST /scraper/ebayapi/ HTTP/1.1" 500 42
Internal Server Error: /scraper/ebayapi/
"POST /scraper/ebayapi/ HTTP/1.1" 500 42
Internal Server Error: /scraper/ebayapi/
"POST /scraper/ebayapi/ HTTP/1.1" 500 42
Internal Server Error: /scraper/ebayapi/
"POST /scraper/ebayapi/ HTTP/1.1" 500 42
Internal Server Error: /scraper/ebayapi/
"POST /scraper/ebayapi/ HTTP/1.1" 500 42
Internal Server Error: /scraper/ebayapi/
"POST /scraper/ebayapi/ HTTP/1.1" 500 42
Internal Server Error: /scraper/ebayapi/
"POST /scraper/ebayapi/ HTTP/1.1" 500 42
Internal Server Error: /scraper/ebayapi/
"POST /scraper/ebayapi/ HTTP/1.1" 500 42
Internal Server Error: /scraper/ebayapi/
"POST /scraper/ebayapi/ HTTP/1.1" 500 42
Internal Server Error: /scraper/ebayapi/
"POST /scraper/ebayapi/ HTTP/1.1" 500 42
Internal Server Error: /scraper/ebayapi/
"POST /scraper/ebayapi/ HTTP/1.1" 500 42
Internal Server Error: /scraper/ebayapi/
"POST /scraper/ebayapi/ HTTP/1.1" 500 42
Internal Server Error: /scraper/ebayapi/
"POST /scraper/ebayapi/ HTTP/1.1" 500 42
Internal Server Error: /scraper/ebayapi/
"POST /scraper/ebayapi/ HTTP/1.1" 500 42
Internal Server Error: /scraper/ebayapi/
"POST /scraper/ebayapi/ HTTP/1.1" 500 42
Internal Server Error: /scraper/ebayapi/
"POST /scraper/ebayapi/ HTTP/1.1" 500 42
Internal Server Error: /scraper/ebayapi/
"POST /scraper/ebayapi/ HTTP/1.1" 500 42
Internal Server Error: /scraper/ebayapi/
"POST /scraper/ebayapi/ HTTP/1.1" 500 42
Internal Server Error: /scraper/ebayapi/
"POST /scraper/ebayapi/ HTTP/1.1" 500 42
Internal Server Error: /scraper/ebayapi/
"POST /scraper/ebayapi/ HTTP/1.1" 500 42
Internal Server Error: /scraper/ebayapi/
"POST /scraper/ebayapi/ HTTP/1.1" 500 42
Internal Server Error: /scraper/ebayapi/
"POST /scraper/ebayapi/ HTTP/1.1" 500 42
Internal Server Error: /scraper/ebayapi/
"POST /scraper/ebayapi/ HTTP/1.1" 500 42
Internal Server Error: /scraper/ebayapi/
"POST /scraper/ebayapi/ HTTP/1.1" 500 42
Internal Server Error: /scraper/ebayapi/
"POST /scraper/ebayapi/ HTTP/1.1" 500 42
Internal Server Error: /scraper/ebayapi/
"POST /scraper/ebayapi/ HTTP/1.1" 500 42
Internal Server Error: /scraper/ebayapi/
"POST /scraper/ebayapi/ HTTP/1.1" 500 42
Internal Server Error: /scraper/ebayapi/
"POST /scraper/ebayapi/ HTTP/1.1" 500 42
Internal Server Error: /scraper/ebayapi/
"POST /scraper/ebayapi/ HTTP/1.1" 500 42
Internal Server Error: /scraper/ebayapi/
Internal Server Error: /scraper/ebayapi/
"POST /scraper/ebayapi/ HTTP/1.1" 500 42
Internal Server Error: /scraper/ebayapi/
"POST /scraper/ebayapi/ HTTP/1.1" 500 42
Internal Server Error: /scraper/ebayapi/
"POST /scraper/ebayapi/ HTTP/1.1" 500 42
Internal Server Error: /scraper/ebayapi/
"POST /scraper/ebayapi/ HTTP/1.1" 500 42
Internal Server Error: /scraper/ebayapi/
"POST /scraper/ebayapi/ HTTP/1.1" 500 42
Internal Server Error: /scraper/ebayapi/
"POST /scraper/ebayapi/ HTTP/1.1" 500 42
Internal Server Error: /scraper/ebayapi/
"POST /scraper/ebayapi/ HTTP/1.1" 500 42
Internal Server Error: /scraper/ebayapi/
"POST /scraper/ebayapi/ HTTP/1.1" 500 42
Internal Server Error: /scraper/ebayapi/
"POST /scraper/ebayapi/ HTTP/1.1" 500 42
Internal Server Error: /scraper/ebayapi/
"POST /scraper/ebayapi/ HTTP/1.1" 500 42
Internal Server Error: /scraper/ebayapi/
"POST /scraper/ebayapi/ HTTP/1.1" 500 42
Internal Server Error: /scraper/ebayapi/
"POST /scraper/ebayapi/ HTTP/1.1" 500 42
Internal Server Error: /scraper/ebayapi/
"POST /scraper/ebayapi/ HTTP/1.1" 500 42
Internal Server Error: /scraper/ebayapi/
"POST /scraper/ebayapi/ HTTP/1.1" 500 42
Internal Server Error: /scraper/ebayapi/
"POST /scraper/ebayapi/ HTTP/1.1" 500 42
Internal Server Error: /scraper/ebayapi/
"POST /scraper/ebayapi/ HTTP/1.1" 500 42
Internal Server Error: /scraper/ebayapi/
"POST /scraper/ebayapi/ HTTP/1.1" 500 42
Internal Server Error: /scraper/ebayapi/
"POST /scraper/ebayapi/ HTTP/1.1" 500 42
Internal Server Error: /scraper/ebayapi/
"POST /scraper/ebayapi/ HTTP/1.1" 500 42
Internal Server Error: /scraper/ebayapi/
"POST /scraper/ebayapi/ HTTP/1.1" 500 42
Internal Server Error: /scraper/ebayapi/
"POST /scraper/ebayapi/ HTTP/1.1" 500 42
Internal Server Error: /scraper/ebayapi/
"POST /scraper/ebayapi/ HTTP/1.1" 500 42
Internal Server Error: /scraper/ebayapi/
"POST /scraper/ebayapi/ HTTP/1.1" 500 42
Internal Server Error: /scraper/ebayapi/
"POST /scraper/ebayapi/ HTTP/1.1" 500 42
Internal Server Error: /scraper/ebayapi/
"POST /scraper/ebayapi/ HTTP/1.1" 500 42
Internal Server Error: /scraper/ebayapi/
"POST /scraper/ebayapi/ HTTP/1.1" 500 42
Internal Server Error: /scraper/ebayapi/
"POST /scraper/ebayapi/ HTTP/1.1" 500 42
Internal Server Error: /scraper/ebayapi/
"POST /scraper/ebayapi/ HTTP/1.1" 500 42
Internal Server Error: /scraper/ebayapi/
"POST /scraper/ebayapi/ HTTP/1.1" 500 42
Internal Server Error: /scraper/ebayapi/
"POST /scraper/ebayapi/ HTTP/1.1" 500 42
Internal Server Error: /scraper/ebayapi/
"POST /scraper/ebayapi/ HTTP/1.1" 500 42
Internal Server Error: /scraper/ebayapi/
"POST /scraper/ebayapi/ HTTP/1.1" 500 42
Internal Server Error: /scraper/ebayapi/
"POST /scraper/ebayapi/ HTTP/1.1" 500 42
Internal Server Error: /scraper/ebayapi/
"POST /scraper/ebayapi/ HTTP/1.1" 500 42
Internal Server Error: /scraper/ebayapi/
"POST /scraper/ebayapi/ HTTP/1.1" 500 42
Internal Server Error: /scraper/ebayapi/
"POST /scraper/ebayapi/ HTTP/1.1" 500 42
Internal Server Error: /scraper/ebayapi/
"POST /scraper/ebayapi/ HTTP/1.1" 500 42
Internal Server Error: /scraper/ebayapi/
"POST /scraper/ebayapi/ HTTP/1.1" 500 42
Internal Server Error: /scraper/ebayapi/
"POST /scraper/ebayapi/ HTTP/1.1" 500 42
Internal Server Error: /scraper/ebayapi/
"POST /scraper/ebayapi/ HTTP/1.1" 500 42
Internal Server Error: /scraper/ebayapi/
"POST /scraper/ebayapi/ HTTP/1.1" 500 42
Internal Server Error: /scraper/ebayapi/
"POST /scraper/ebayapi/ HTTP/1.1" 500 42
Internal Server Error: /scraper/ebayapi/
"POST /scraper/ebayapi/ HTTP/1.1" 500 42
Internal Server Error: /scraper/ebayapi/
"POST /scraper/ebayapi/ HTTP/1.1" 500 42
Internal Server Error: /scraper/ebayapi/
"POST /scraper/ebayapi/ HTTP/1.1" 500 42
Internal Server Error: /scraper/ebayapi/
"POST /scraper/ebayapi/ HTTP/1.1" 500 42
Internal Server Error: /scraper/ebayapi/
"POST /scraper/ebayapi/ HTTP/1.1" 500 42
Internal Server Error: /scraper/ebayapi/
"POST /scraper/ebayapi/ HTTP/1.1" 500 42
Internal Server Error: /scraper/ebayapi/
"POST /scraper/ebayapi/ HTTP/1.1" 500 42
Internal Server Error: /scraper/ebayapi/
"POST /scraper/ebayapi/ HTTP/1.1" 500 42
Internal Server Error: /scraper/ebayapi/
"POST /scraper/ebayapi/ HTTP/1.1" 500 42
Internal Server Error: /scraper/ebayapi/
"POST /scraper/ebayapi/ HTTP/1.1" 500 42
Internal Server Error: /scraper/ebayapi/
"POST /scraper/ebayapi/ HTTP/1.1" 500 42
Internal Server Error: /scraper/ebayapi/
"POST /scraper/ebayapi/ HTTP/1.1" 500 42
Internal Server Error: /scraper/ebayapi/
"POST /scraper/ebayapi/ HTTP/1.1" 500 42
Internal Server Error: /scraper/ebayapi/
"POST /scraper/ebayapi/ HTTP/1.1" 500 42
Internal Server Error: /scraper/ebayapi/
"POST /scraper/ebayapi/ HTTP/1.1" 500 42
Internal Server Error: /scraper/ebayapi/
"POST /scraper/ebayapi/ HTTP/1.1" 500 42
Internal Server Error: /scraper/ebayapi/
"POST /scraper/ebayapi/ HTTP/1.1" 500 42
Internal Server Error: /scraper/ebayapi/
"POST /scraper/ebayapi/ HTTP/1.1" 500 42
Internal Server Error: /scraper/ebayapi/
"POST /scraper/ebayapi/ HTTP/1.1" 500 42
Internal Server Error: /scraper/ebayapi/
"POST /scraper/ebayapi/ HTTP/1.1" 500 42
Internal Server Error: /scraper/ebayapi/
"POST /scraper/ebayapi/ HTTP/1.1" 500 42
Internal Server Error: /scraper/ebayapi/
"POST /scraper/ebayapi/ HTTP/1.1" 500 42
Internal Server Error: /scraper/ebayapi/
"POST /scraper/ebayapi/ HTTP/1.1" 500 42
Internal Server Error: /scraper/ebayapi/
"POST /scraper/ebayapi/ HTTP/1.1" 500 42
Internal Server Error: /scraper/ebayapi/
"POST /scraper/ebayapi/ HTTP/1.1" 500 42
Internal Server Error: /scraper/ebayapi/
"POST /scraper/ebayapi/ HTTP/1.1" 500 42
Internal Server Error: /scraper/ebayapi/
"POST /scraper/ebayapi/ HTTP/1.1" 500 42
Internal Server Error: /scraper/ebayapi/
"POST /scraper/ebayapi/ HTTP/1.1" 500 42
Internal Server Error: /scraper/ebayapi/
"POST /scraper/ebayapi/ HTTP/1.1" 500 42
Internal Server Error: /scraper/ebayapi/
"POST /scraper/ebayapi/ HTTP/1.1" 500 42
Internal Server Error: /scraper/ebayapi/
"POST /scraper/ebayapi/ HTTP/1.1" 500 42
Internal Server Error: /scraper/ebayapi/
"POST /scraper/ebayapi/ HTTP/1.1" 500 42
Internal Server Error: /scraper/ebayapi/
"POST /scraper/ebayapi/ HTTP/1.1" 500 42
Internal Server Error: /scraper/ebayapi/
"POST /scraper/ebayapi/ HTTP/1.1" 500 42
Internal Server Error: /scraper/ebayapi/
"POST /scraper/ebayapi/ HTTP/1.1" 500 42
Internal Server Error: /scraper/ebayapi/
"POST /scraper/ebayapi/ HTTP/1.1" 500 42
Internal Server Error: /scraper/ebayapi/
"POST /scraper/ebayapi/ HTTP/1.1" 500 42
Internal Server Error: /scraper/ebayapi/
"POST /scraper/ebayapi/ HTTP/1.1" 500 42
Internal Server Error: /scraper/ebayapi/
"POST /scraper/ebayapi/ HTTP/1.1" 500 42
Internal Server Error: /scraper/ebayapi/
"POST /scraper/ebayapi/ HTTP/1.1" 500 42
Internal Server Error: /scraper/ebayapi/
"POST /scraper/ebayapi/ HTTP/1.1" 500 42
Internal Server Error: /scraper/ebayapi/
"POST /scraper/ebayapi/ HTTP/1.1" 500 42
Internal Server Error: /scraper/ebayapi/
"POST /scraper/ebayapi/ HTTP/1.1" 500 42
Internal Server Error: /scraper/ebayapi/
"POST /scraper/ebayapi/ HTTP/1.1" 500 42
Internal Server Error: /scraper/ebayapi/
"POST /scraper/ebayapi/ HTTP/1.1" 500 42
Internal Server Error: /scraper/ebayapi/
"POST /scraper/ebayapi/ HTTP/1.1" 500 42
Internal Server Error: /scraper/ebayapi/
"POST /scraper/ebayapi/ HTTP/1.1" 500 42
Internal Server Error: /scraper/ebayapi/
"POST /scraper/ebayapi/ HTTP/1.1" 500 42
Internal Server Error: /scraper/ebayapi/
"POST /scraper/ebayapi/ HTTP/1.1" 500 42
Internal Server Error: /scraper/ebayapi/
"POST /scraper/ebayapi/ HTTP/1.1" 500 42
Internal Server Error: /scraper/ebayapi/
"POST /scraper/ebayapi/ HTTP/1.1" 500 42
Internal Server Error: /scraper/ebayapi/
"POST /scraper/ebayapi/ HTTP/1.1" 500 42
Internal Server Error: /scraper/ebayapi/
"POST /scraper/ebayapi/ HTTP/1.1" 500 42
Internal Server Error: /scraper/ebayapi/
Traceback (most recent call last):
  File "C:\Users\racea\AppData\Local\Programs\Python\Python312\Lib\site-packages\django\core\handlers\exception.py", line 55, in inner
    response = get_response(request)
               ^^^^^^^^^^^^^^^^^^^^^
  File "C:\Users\racea\AppData\Local\Programs\Python\Python312\Lib\site-packages\django\core\handlers\base.py", line 197, in _get_response
    response = wrapped_callback(request, *callback_args, **callback_kwargs)
               ^^^^^^^^^^^^^^^^^^^^^^^^^^^^^^^^^^^^^^^^^^^^^^^^^^^^^^^^^^^^
  File "C:\Users\racea\AppData\Local\Programs\Python\Python312\Lib\site-packages\django\views\decorators\csrf.py", line 65, in _view_wrapper
    return view_func(request, *args, **kwargs)
           ^^^^^^^^^^^^^^^^^^^^^^^^^^^^^^^^^^^
  File "C:\Users\racea\AppData\Local\Programs\Python\Python312\Lib\site-packages\django\views\generic\base.py", line 104, in view
    return self.dispatch(request, *args, **kwargs)
           ^^^^^^^^^^^^^^^^^^^^^^^^^^^^^^^^^^^^^^^
  File "C:\Users\racea\AppData\Local\Programs\Python\Python312\Lib\site-packages\rest_framework\views.py", line 509, in dispatch
    response = self.handle_exception(exc)
               ^^^^^^^^^^^^^^^^^^^^^^^^^^
  File "C:\Users\racea\AppData\Local\Programs\Python\Python312\Lib\site-packages\rest_framework\views.py", line 469, in handle_exception
    self.raise_uncaught_exception(exc)
  File "C:\Users\racea\AppData\Local\Programs\Python\Python312\Lib\site-packages\rest_framework\views.py", line 480, in raise_uncaught_exception
    raise exc
  File "C:\Users\racea\AppData\Local\Programs\Python\Python312\Lib\site-packages\rest_framework\views.py", line 506, in dispatch
    response = handler(request, *args, **kwargs)
               ^^^^^^^^^^^^^^^^^^^^^^^^^^^^^^^^^
  File "C:\Users\racea\Desktop\Django Inigration\tcg_project\scraper\views.py", line 52, in get
    challenge_response = hashlib.sha256(challenge_code.encode('utf-8') +
                                        ^^^^^^^^^^^^^^^^^^^^^
AttributeError: 'NoneType' object has no attribute 'encode'
"GET /scraper/ebayapi/ HTTP/1.1" 500 95154
